mode: set
github.com/jyates/jyatesdotdev-api/backend/internal/auth/authorizer.go:13.140,15.17 2 1
github.com/jyates/jyatesdotdev-api/backend/internal/auth/authorizer.go:15.17,17.3 1 1
github.com/jyates/jyatesdotdev-api/backend/internal/auth/authorizer.go:19.2,22.46 3 1
github.com/jyates/jyatesdotdev-api/backend/internal/auth/authorizer.go:22.46,25.3 1 1
github.com/jyates/jyatesdotdev-api/backend/internal/auth/authorizer.go:27.2,28.61 2 1
github.com/jyates/jyatesdotdev-api/backend/internal/auth/authorizer.go:28.61,30.3 1 0
github.com/jyates/jyatesdotdev-api/backend/internal/auth/authorizer.go:32.2,33.16 2 1
github.com/jyates/jyatesdotdev-api/backend/internal/auth/authorizer.go:33.16,35.3 1 0
github.com/jyates/jyatesdotdev-api/backend/internal/auth/authorizer.go:37.2,38.20 2 1
github.com/jyates/jyatesdotdev-api/backend/internal/auth/authorizer.go:38.20,40.3 1 0
github.com/jyates/jyatesdotdev-api/backend/internal/auth/authorizer.go:42.2,42.56 1 1
github.com/jyates/jyatesdotdev-api/backend/internal/auth/authorizer.go:42.56,44.3 1 1
github.com/jyates/jyatesdotdev-api/backend/internal/auth/authorizer.go:46.2,46.61 1 1
github.com/jyates/jyatesdotdev-api/backend/internal/auth/authorizer.go:49.101,52.36 2 1
github.com/jyates/jyatesdotdev-api/backend/internal/auth/authorizer.go:52.36,63.3 1 1
github.com/jyates/jyatesdotdev-api/backend/internal/auth/authorizer.go:65.2,65.21 1 1
github.com/jyates/jyatesdotdev-api/backend/internal/admin/handler.go:23.47,27.2 1 1
github.com/jyates/jyatesdotdev-api/backend/internal/admin/handler.go:64.78,76.16 3 1
github.com/jyates/jyatesdotdev-api/backend/internal/admin/handler.go:76.16,79.3 2 0
github.com/jyates/jyatesdotdev-api/backend/internal/admin/handler.go:81.2,82.86 2 1
github.com/jyates/jyatesdotdev-api/backend/internal/admin/handler.go:82.86,85.3 2 0
github.com/jyates/jyatesdotdev-api/backend/internal/admin/handler.go:87.2,88.29 2 1
github.com/jyates/jyatesdotdev-api/backend/internal/admin/handler.go:88.29,102.3 3 1
github.com/jyates/jyatesdotdev-api/backend/internal/admin/handler.go:104.2,105.38 2 1
github.com/jyates/jyatesdotdev-api/backend/internal/admin/handler.go:108.79,110.21 2 1
github.com/jyates/jyatesdotdev-api/backend/internal/admin/handler.go:110.21,113.3 2 1
github.com/jyates/jyatesdotdev-api/backend/internal/admin/handler.go:115.2,116.61 2 1
github.com/jyates/jyatesdotdev-api/backend/internal/admin/handler.go:116.61,119.3 2 1
github.com/jyates/jyatesdotdev-api/backend/internal/admin/handler.go:121.2,124.40 3 1
github.com/jyates/jyatesdotdev-api/backend/internal/admin/handler.go:124.40,127.3 2 1
github.com/jyates/jyatesdotdev-api/backend/internal/admin/handler.go:129.2,129.85 1 1
github.com/jyates/jyatesdotdev-api/backend/internal/admin/handler.go:129.85,132.3 2 1
github.com/jyates/jyatesdotdev-api/backend/internal/admin/handler.go:134.2,149.16 4 1
github.com/jyates/jyatesdotdev-api/backend/internal/admin/handler.go:149.16,152.3 2 0
github.com/jyates/jyatesdotdev-api/backend/internal/admin/handler.go:154.2,154.28 1 1
github.com/jyates/jyatesdotdev-api/backend/internal/admin/handler.go:154.28,157.3 2 1
github.com/jyates/jyatesdotdev-api/backend/internal/admin/handler.go:159.2,167.16 5 1
github.com/jyates/jyatesdotdev-api/backend/internal/admin/handler.go:167.16,170.3 2 0
github.com/jyates/jyatesdotdev-api/backend/internal/admin/handler.go:172.2,183.16 2 1
github.com/jyates/jyatesdotdev-api/backend/internal/admin/handler.go:183.16,186.3 2 0
github.com/jyates/jyatesdotdev-api/backend/internal/admin/handler.go:188.2,191.4 2 1
github.com/jyates/jyatesdotdev-api/backend/internal/admin/handler.go:194.73,196.21 2 1
github.com/jyates/jyatesdotdev-api/backend/internal/admin/handler.go:196.21,199.3 2 1
github.com/jyates/jyatesdotdev-api/backend/internal/admin/handler.go:201.2,203.61 2 1
github.com/jyates/jyatesdotdev-api/backend/internal/admin/handler.go:203.61,206.3 2 1
github.com/jyates/jyatesdotdev-api/backend/internal/admin/handler.go:208.2,209.20 2 1
github.com/jyates/jyatesdotdev-api/backend/internal/admin/handler.go:209.20,212.3 2 1
github.com/jyates/jyatesdotdev-api/backend/internal/admin/handler.go:214.2,226.16 3 1
github.com/jyates/jyatesdotdev-api/backend/internal/admin/handler.go:226.16,229.3 2 0
github.com/jyates/jyatesdotdev-api/backend/internal/admin/handler.go:231.2,234.4 2 1
github.com/jyates/jyatesdotdev-api/backend/internal/admin/handler.go:237.39,243.2 5 1
github.com/jyates/jyatesdotdev-api/backend/internal/contact/handler.go:25.54,29.2 1 1
github.com/jyates/jyatesdotdev-api/backend/internal/contact/handler.go:31.73,33.61 2 1
github.com/jyates/jyatesdotdev-api/backend/internal/contact/handler.go:33.61,36.3 2 1
github.com/jyates/jyatesdotdev-api/backend/internal/contact/handler.go:38.2,42.60 4 1
github.com/jyates/jyatesdotdev-api/backend/internal/contact/handler.go:42.60,45.3 2 1
github.com/jyates/jyatesdotdev-api/backend/internal/contact/handler.go:48.2,49.16 2 1
github.com/jyates/jyatesdotdev-api/backend/internal/contact/handler.go:49.16,52.3 2 1
github.com/jyates/jyatesdotdev-api/backend/internal/contact/handler.go:53.2,53.12 1 1
github.com/jyates/jyatesdotdev-api/backend/internal/contact/handler.go:53.12,56.3 2 0
github.com/jyates/jyatesdotdev-api/backend/internal/contact/handler.go:58.2,58.27 1 1
github.com/jyates/jyatesdotdev-api/backend/internal/contact/handler.go:58.27,60.17 2 1
github.com/jyates/jyatesdotdev-api/backend/internal/contact/handler.go:60.17,63.4 2 0
github.com/jyates/jyatesdotdev-api/backend/internal/contact/handler.go:66.2,69.4 2 1
github.com/jyates/jyatesdotdev-api/backend/internal/contact/handler.go:72.39,76.2 3 1
github.com/jyates/jyatesdotdev-api/backend/cmd/authorizer/main.go:8.13,10.2 1 0
github.com/jyates/jyatesdotdev-api/backend/cmd/interactions/main.go:22.13,26.16 3 0
github.com/jyates/jyatesdotdev-api/backend/cmd/interactions/main.go:26.16,28.3 1 0
github.com/jyates/jyatesdotdev-api/backend/cmd/interactions/main.go:30.2,31.16 2 0
github.com/jyates/jyatesdotdev-api/backend/cmd/interactions/main.go:31.16,33.3 1 0
github.com/jyates/jyatesdotdev-api/backend/cmd/interactions/main.go:35.2,41.40 5 0
github.com/jyates/jyatesdotdev-api/backend/cmd/interactions/main.go:41.40,44.3 2 0
github.com/jyates/jyatesdotdev-api/backend/cmd/interactions/main.go:46.2,46.31 1 0
github.com/jyates/jyatesdotdev-api/backend/cmd/interactions/main.go:49.110,51.2 1 0
github.com/jyates/jyatesdotdev-api/backend/cmd/interactions/main.go:53.13,54.49 1 0
github.com/jyates/jyatesdotdev-api/backend/cmd/interactions/main.go:54.49,56.3 1 0
github.com/jyates/jyatesdotdev-api/backend/cmd/interactions/main.go:56.8,59.17 2 0
github.com/jyates/jyatesdotdev-api/backend/cmd/interactions/main.go:59.17,61.4 1 0
github.com/jyates/jyatesdotdev-api/backend/cmd/interactions/main.go:62.3,76.41 9 0
github.com/jyates/jyatesdotdev-api/backend/cmd/interactions/main.go:76.41,79.4 2 0
github.com/jyates/jyatesdotdev-api/backend/cmd/interactions/main.go:81.3,81.46 1 0
github.com/jyates/jyatesdotdev-api/backend/cmd/admin/main.go:21.13,25.16 3 0
github.com/jyates/jyatesdotdev-api/backend/cmd/admin/main.go:25.16,27.3 1 0
github.com/jyates/jyatesdotdev-api/backend/cmd/admin/main.go:29.2,35.46 5 0
github.com/jyates/jyatesdotdev-api/backend/cmd/admin/main.go:35.46,40.3 1 0
github.com/jyates/jyatesdotdev-api/backend/cmd/admin/main.go:42.2,42.31 1 0
github.com/jyates/jyatesdotdev-api/backend/cmd/admin/main.go:45.110,47.2 1 0
github.com/jyates/jyatesdotdev-api/backend/cmd/admin/main.go:49.13,50.49 1 0
github.com/jyates/jyatesdotdev-api/backend/cmd/admin/main.go:50.49,52.3 1 0
github.com/jyates/jyatesdotdev-api/backend/cmd/admin/main.go:52.8,55.17 2 0
github.com/jyates/jyatesdotdev-api/backend/cmd/admin/main.go:55.17,57.4 1 0
github.com/jyates/jyatesdotdev-api/backend/cmd/admin/main.go:58.3,67.47 8 0
github.com/jyates/jyatesdotdev-api/backend/cmd/admin/main.go:67.47,69.4 1 0
github.com/jyates/jyatesdotdev-api/backend/cmd/admin/main.go:71.3,71.46 1 0
github.com/jyates/jyatesdotdev-api/backend/cmd/contact/main.go:21.13,25.16 3 0
github.com/jyates/jyatesdotdev-api/backend/cmd/contact/main.go:25.16,27.3 1 0
github.com/jyates/jyatesdotdev-api/backend/cmd/contact/main.go:29.2,35.40 5 0
github.com/jyates/jyatesdotdev-api/backend/cmd/contact/main.go:35.40,37.3 1 0
github.com/jyates/jyatesdotdev-api/backend/cmd/contact/main.go:39.2,39.31 1 0
github.com/jyates/jyatesdotdev-api/backend/cmd/contact/main.go:42.110,44.2 1 0
github.com/jyates/jyatesdotdev-api/backend/cmd/contact/main.go:46.13,47.49 1 0
github.com/jyates/jyatesdotdev-api/backend/cmd/contact/main.go:47.49,49.3 1 0
github.com/jyates/jyatesdotdev-api/backend/cmd/contact/main.go:49.8,52.17 2 0
github.com/jyates/jyatesdotdev-api/backend/cmd/contact/main.go:52.17,54.4 1 0
github.com/jyates/jyatesdotdev-api/backend/cmd/contact/main.go:55.3,64.41 8 0
github.com/jyates/jyatesdotdev-api/backend/cmd/contact/main.go:64.41,66.4 1 0
github.com/jyates/jyatesdotdev-api/backend/cmd/contact/main.go:68.3,68.46 1 0
github.com/jyates/jyatesdotdev-api/backend/internal/email/ses.go:25.60,29.38 3 0
github.com/jyates/jyatesdotdev-api/backend/internal/email/ses.go:29.38,32.3 1 0
github.com/jyates/jyatesdotdev-api/backend/internal/email/ses.go:34.2,35.16 2 0
github.com/jyates/jyatesdotdev-api/backend/internal/email/ses.go:35.16,37.3 1 0
github.com/jyates/jyatesdotdev-api/backend/internal/email/ses.go:39.2,43.8 1 0
github.com/jyates/jyatesdotdev-api/backend/internal/email/ses.go:46.92,47.18 1 0
github.com/jyates/jyatesdotdev-api/backend/internal/email/ses.go:47.18,53.3 4 0
github.com/jyates/jyatesdotdev-api/backend/internal/email/ses.go:55.2,77.12 3 0
github.com/jyates/jyatesdotdev-api/backend/internal/email/ses.go:80.96,81.18 1 0
github.com/jyates/jyatesdotdev-api/backend/internal/email/ses.go:81.18,87.3 4 0
github.com/jyates/jyatesdotdev-api/backend/internal/email/ses.go:89.2,115.12 5 0
github.com/jyates/jyatesdotdev-api/backend/internal/db/dynamo.go:26.54,28.21 2 0
github.com/jyates/jyatesdotdev-api/backend/internal/db/dynamo.go:28.21,30.3 1 0
github.com/jyates/jyatesdotdev-api/backend/internal/db/dynamo.go:32.2,37.20 4 0
github.com/jyates/jyatesdotdev-api/backend/internal/db/dynamo.go:37.20,41.17 2 0
github.com/jyates/jyatesdotdev-api/backend/internal/db/dynamo.go:41.17,43.4 1 0
github.com/jyates/jyatesdotdev-api/backend/internal/db/dynamo.go:45.3,45.67 1 0
github.com/jyates/jyatesdotdev-api/backend/internal/db/dynamo.go:45.67,47.4 1 0
github.com/jyates/jyatesdotdev-api/backend/internal/db/dynamo.go:49.3,52.9 1 0
github.com/jyates/jyatesdotdev-api/backend/internal/db/dynamo.go:55.2,56.16 2 0
github.com/jyates/jyatesdotdev-api/backend/internal/db/dynamo.go:56.16,58.3 1 0
github.com/jyates/jyatesdotdev-api/backend/internal/db/dynamo.go:60.2,63.8 1 0
github.com/jyates/jyatesdotdev-api/backend/internal/recaptcha/verify.go:27.56,29.21 2 0
github.com/jyates/jyatesdotdev-api/backend/internal/recaptcha/verify.go:29.21,32.44 1 0
github.com/jyates/jyatesdotdev-api/backend/internal/recaptcha/verify.go:32.44,34.4 1 0
github.com/jyates/jyatesdotdev-api/backend/internal/recaptcha/verify.go:35.3,35.62 1 0
github.com/jyates/jyatesdotdev-api/backend/internal/recaptcha/verify.go:38.2,42.16 2 0
github.com/jyates/jyatesdotdev-api/backend/internal/recaptcha/verify.go:42.16,44.3 1 0
github.com/jyates/jyatesdotdev-api/backend/internal/recaptcha/verify.go:45.2,48.71 3 0
github.com/jyates/jyatesdotdev-api/backend/internal/recaptcha/verify.go:48.71,50.3 1 0
github.com/jyates/jyatesdotdev-api/backend/internal/recaptcha/verify.go:52.2,52.25 1 0
github.com/jyates/jyatesdotdev-api/backend/internal/recaptcha/verify.go:52.25,54.3 1 0
github.com/jyates/jyatesdotdev-api/backend/internal/recaptcha/verify.go:56.2,56.49 1 0
github.com/jyates/jyatesdotdev-api/backend/internal/recaptcha/verify.go:56.49,58.3 1 0
github.com/jyates/jyatesdotdev-api/backend/internal/recaptcha/verify.go:60.2,60.33 1 0
github.com/jyates/jyatesdotdev-api/backend/internal/recaptcha/verify.go:60.33,62.3 1 0
github.com/jyates/jyatesdotdev-api/backend/internal/recaptcha/verify.go:64.2,64.18 1 0
github.com/jyates/jyatesdotdev-api/backend/internal/interactions/comment_handler.go:54.71,56.16 2 1
github.com/jyates/jyatesdotdev-api/backend/internal/interactions/comment_handler.go:56.16,59.3 2 1
github.com/jyates/jyatesdotdev-api/backend/internal/interactions/comment_handler.go:61.2,73.16 3 1
github.com/jyates/jyatesdotdev-api/backend/internal/interactions/comment_handler.go:73.16,76.3 2 0
github.com/jyates/jyatesdotdev-api/backend/internal/interactions/comment_handler.go:78.2,79.86 2 1
github.com/jyates/jyatesdotdev-api/backend/internal/interactions/comment_handler.go:79.86,82.3 2 0
github.com/jyates/jyatesdotdev-api/backend/internal/interactions/comment_handler.go:84.2,85.29 2 1
github.com/jyates/jyatesdotdev-api/backend/internal/interactions/comment_handler.go:85.29,95.3 2 1
github.com/jyates/jyatesdotdev-api/backend/internal/interactions/comment_handler.go:98.2,99.43 2 1
github.com/jyates/jyatesdotdev-api/backend/internal/interactions/comment_handler.go:99.43,108.50 2 1
github.com/jyates/jyatesdotdev-api/backend/internal/interactions/comment_handler.go:108.50,110.51 2 1
github.com/jyates/jyatesdotdev-api/backend/internal/interactions/comment_handler.go:110.51,111.72 1 1
github.com/jyates/jyatesdotdev-api/backend/internal/interactions/comment_handler.go:111.72,115.6 2 1
github.com/jyates/jyatesdotdev-api/backend/internal/interactions/comment_handler.go:118.4,118.29 1 1
github.com/jyates/jyatesdotdev-api/backend/internal/interactions/comment_handler.go:118.29,119.41 1 1
github.com/jyates/jyatesdotdev-api/backend/internal/interactions/comment_handler.go:119.41,121.6 1 1
github.com/jyates/jyatesdotdev-api/backend/internal/interactions/comment_handler.go:126.2,127.38 2 1
github.com/jyates/jyatesdotdev-api/backend/internal/interactions/comment_handler.go:130.73,132.61 2 1
github.com/jyates/jyatesdotdev-api/backend/internal/interactions/comment_handler.go:132.61,135.3 2 1
github.com/jyates/jyatesdotdev-api/backend/internal/interactions/comment_handler.go:137.2,141.65 4 1
github.com/jyates/jyatesdotdev-api/backend/internal/interactions/comment_handler.go:141.65,144.3 2 1
github.com/jyates/jyatesdotdev-api/backend/internal/interactions/comment_handler.go:147.2,148.16 2 1
github.com/jyates/jyatesdotdev-api/backend/internal/interactions/comment_handler.go:148.16,151.3 2 1
github.com/jyates/jyatesdotdev-api/backend/internal/interactions/comment_handler.go:152.2,152.12 1 1
github.com/jyates/jyatesdotdev-api/backend/internal/interactions/comment_handler.go:152.12,155.3 2 0
github.com/jyates/jyatesdotdev-api/backend/internal/interactions/comment_handler.go:158.2,162.57 4 1
github.com/jyates/jyatesdotdev-api/backend/internal/interactions/comment_handler.go:162.57,165.3 2 0
github.com/jyates/jyatesdotdev-api/backend/internal/interactions/comment_handler.go:167.2,191.16 8 1
github.com/jyates/jyatesdotdev-api/backend/internal/interactions/comment_handler.go:191.16,194.3 2 0
github.com/jyates/jyatesdotdev-api/backend/internal/interactions/comment_handler.go:196.2,200.16 2 1
github.com/jyates/jyatesdotdev-api/backend/internal/interactions/comment_handler.go:200.16,203.3 2 0
github.com/jyates/jyatesdotdev-api/backend/internal/interactions/comment_handler.go:206.2,206.27 1 1
github.com/jyates/jyatesdotdev-api/backend/internal/interactions/comment_handler.go:206.27,207.13 1 0
github.com/jyates/jyatesdotdev-api/backend/internal/interactions/comment_handler.go:207.13,211.4 3 0
github.com/jyates/jyatesdotdev-api/backend/internal/interactions/comment_handler.go:214.2,218.4 2 1
github.com/jyates/jyatesdotdev-api/backend/internal/interactions/comment_handler.go:226.77,228.21 2 1
github.com/jyates/jyatesdotdev-api/backend/internal/interactions/comment_handler.go:228.21,231.3 2 1
github.com/jyates/jyatesdotdev-api/backend/internal/interactions/comment_handler.go:233.2,234.61 2 1
github.com/jyates/jyatesdotdev-api/backend/internal/interactions/comment_handler.go:234.61,237.3 2 1
github.com/jyates/jyatesdotdev-api/backend/internal/interactions/comment_handler.go:239.2,240.20 2 1
github.com/jyates/jyatesdotdev-api/backend/internal/interactions/comment_handler.go:240.20,243.3 2 0
github.com/jyates/jyatesdotdev-api/backend/internal/interactions/comment_handler.go:246.2,247.16 2 1
github.com/jyates/jyatesdotdev-api/backend/internal/interactions/comment_handler.go:247.16,250.3 2 1
github.com/jyates/jyatesdotdev-api/backend/internal/interactions/comment_handler.go:251.2,251.12 1 1
github.com/jyates/jyatesdotdev-api/backend/internal/interactions/comment_handler.go:251.12,254.3 2 0
github.com/jyates/jyatesdotdev-api/backend/internal/interactions/comment_handler.go:256.2,267.16 4 1
github.com/jyates/jyatesdotdev-api/backend/internal/interactions/comment_handler.go:267.16,270.3 2 0
github.com/jyates/jyatesdotdev-api/backend/internal/interactions/comment_handler.go:272.2,275.12 3 1
github.com/jyates/jyatesdotdev-api/backend/internal/interactions/comment_handler.go:275.12,298.17 5 1
github.com/jyates/jyatesdotdev-api/backend/internal/interactions/comment_handler.go:298.17,301.4 2 0
github.com/jyates/jyatesdotdev-api/backend/internal/interactions/comment_handler.go:302.3,313.5 1 1
github.com/jyates/jyatesdotdev-api/backend/internal/interactions/comment_handler.go:314.8,340.17 6 1
github.com/jyates/jyatesdotdev-api/backend/internal/interactions/comment_handler.go:340.17,343.4 2 0
github.com/jyates/jyatesdotdev-api/backend/internal/interactions/comment_handler.go:344.3,355.5 1 1
github.com/jyates/jyatesdotdev-api/backend/internal/interactions/comment_handler.go:358.2,361.16 2 1
github.com/jyates/jyatesdotdev-api/backend/internal/interactions/comment_handler.go:361.16,364.3 2 0
github.com/jyates/jyatesdotdev-api/backend/internal/interactions/comment_handler.go:366.2,369.4 2 1
github.com/jyates/jyatesdotdev-api/backend/internal/interactions/comment_handler.go:372.46,378.2 5 1
github.com/jyates/jyatesdotdev-api/backend/internal/interactions/handler.go:44.75,49.2 1 1
github.com/jyates/jyatesdotdev-api/backend/internal/interactions/handler.go:51.68,53.16 2 1
github.com/jyates/jyatesdotdev-api/backend/internal/interactions/handler.go:53.16,56.3 2 1
github.com/jyates/jyatesdotdev-api/backend/internal/interactions/handler.go:58.2,70.16 4 1
github.com/jyates/jyatesdotdev-api/backend/internal/interactions/handler.go:70.16,73.3 2 1
github.com/jyates/jyatesdotdev-api/backend/internal/interactions/handler.go:75.2,76.32 2 1
github.com/jyates/jyatesdotdev-api/backend/internal/interactions/handler.go:76.32,77.85 1 1
github.com/jyates/jyatesdotdev-api/backend/internal/interactions/handler.go:77.85,80.4 2 0
github.com/jyates/jyatesdotdev-api/backend/internal/interactions/handler.go:84.2,85.21 2 1
github.com/jyates/jyatesdotdev-api/backend/internal/interactions/handler.go:85.21,93.17 2 1
github.com/jyates/jyatesdotdev-api/backend/internal/interactions/handler.go:93.17,96.4 2 0
github.com/jyates/jyatesdotdev-api/backend/internal/interactions/handler.go:97.3,97.29 1 1
github.com/jyates/jyatesdotdev-api/backend/internal/interactions/handler.go:97.29,99.4 1 1
github.com/jyates/jyatesdotdev-api/backend/internal/interactions/handler.go:102.2,109.33 3 1
github.com/jyates/jyatesdotdev-api/backend/internal/interactions/handler.go:112.70,114.61 2 1
github.com/jyates/jyatesdotdev-api/backend/internal/interactions/handler.go:114.61,117.3 2 1
github.com/jyates/jyatesdotdev-api/backend/internal/interactions/handler.go:119.2,119.20 1 1
github.com/jyates/jyatesdotdev-api/backend/internal/interactions/handler.go:119.20,122.3 2 1
github.com/jyates/jyatesdotdev-api/backend/internal/interactions/handler.go:125.2,126.16 2 1
github.com/jyates/jyatesdotdev-api/backend/internal/interactions/handler.go:126.16,129.3 2 1
github.com/jyates/jyatesdotdev-api/backend/internal/interactions/handler.go:130.2,130.12 1 1
github.com/jyates/jyatesdotdev-api/backend/internal/interactions/handler.go:130.12,133.3 2 0
github.com/jyates/jyatesdotdev-api/backend/internal/interactions/handler.go:135.2,147.16 4 1
github.com/jyates/jyatesdotdev-api/backend/internal/interactions/handler.go:147.16,150.3 2 0
github.com/jyates/jyatesdotdev-api/backend/internal/interactions/handler.go:152.2,155.12 3 1
github.com/jyates/jyatesdotdev-api/backend/internal/interactions/handler.go:155.12,169.17 4 1
github.com/jyates/jyatesdotdev-api/backend/internal/interactions/handler.go:169.17,172.4 2 0
github.com/jyates/jyatesdotdev-api/backend/internal/interactions/handler.go:173.3,184.5 1 1
github.com/jyates/jyatesdotdev-api/backend/internal/interactions/handler.go:185.8,201.17 5 1
github.com/jyates/jyatesdotdev-api/backend/internal/interactions/handler.go:201.17,204.4 2 0
github.com/jyates/jyatesdotdev-api/backend/internal/interactions/handler.go:205.3,216.5 1 1
github.com/jyates/jyatesdotdev-api/backend/internal/interactions/handler.go:219.2,222.16 2 1
github.com/jyates/jyatesdotdev-api/backend/internal/interactions/handler.go:222.16,225.3 2 0
github.com/jyates/jyatesdotdev-api/backend/internal/interactions/handler.go:228.2,231.18 4 1
github.com/jyates/jyatesdotdev-api/backend/internal/interactions/handler.go:234.39,239.2 4 1
github.com/jyates/jyatesdotdev-api/backend/internal/interactions/handler.go:241.53,244.15 2 1
github.com/jyates/jyatesdotdev-api/backend/internal/interactions/handler.go:244.15,246.3 1 1
github.com/jyates/jyatesdotdev-api/backend/internal/interactions/handler.go:248.2,248.21 1 1
